<?xml version="1.0" encoding="UTF-8"?>
<!-- Generated by org.testng.reporters.JUnitXMLReporter -->
<testsuite hostname="Krishnavenis-MacBook-Air.local" ignored="0" name="Default test" tests="3" failures="0" timestamp="2021-07-08T16:31:17 IST" time="9.502" errors="0">
  <testcase name="loginSwaglab" time="1.322" classname="test.ProductSelectionTest"/>
  <testcase name="selectProduct" time="0.332" classname="test.ProductSelectionTest"/>
  <testcase name="verifyProduct" time="0.137" classname="test.ProductSelectionTest"/>
</testsuite> <!-- Default test -->
