<?xml version="1.0" encoding="UTF-8"?>
<!-- Generated by org.testng.reporters.JUnitXMLReporter -->
<testsuite hostname="Krishnavenis-MacBook-Air.local" ignored="0" name="Test" tests="3" failures="0" timestamp="2021-07-16T19:15:58 IST" time="24.715" errors="0">
  <testcase name="loginSwaglab" time="1.228" classname="test.ProductSelectionTest"/>
  <testcase name="selectProduct" time="0.34" classname="test.ProductSelectionTest"/>
  <testcase name="verifyProduct" time="0.151" classname="test.ProductSelectionTest"/>
</testsuite> <!-- Test -->
